# JRE version: OpenJDK Runtime Environment (8.0_202-b03) (build 1.8.0_202-release-1483-b03)
# Java VM: OpenJDK 64-Bit Server VM (25.202-b03 mixed mode windows-amd64 compressed oops)
Heap:
 PSYoungGen      total 485376K, used 77512K [0x00000000e0000000, 0x00000000ffc00000, 0x0000000100000000)
  eden space 448512K, 14% used [0x00000000e0000000,0x00000000e3e662b8,0x00000000fb600000)
  from space 36864K, 36% used [0x00000000fb600000,0x00000000fc34c0d0,0x00000000fda00000)
  to   space 34816K, 0% used [0x00000000fda00000,0x00000000fda00000,0x00000000ffc00000)
 ParOldGen       total 271872K, used 182944K [0x00000000a0000000, 0x00000000b0980000, 0x00000000e0000000)
  object space 271872K, 67% used [0x00000000a0000000,0x00000000ab2a8178,0x00000000b0980000)
 Metaspace       used 102476K, capacity 107198K, committed 107520K, reserved 1142784K
  class space    used 12852K, capacity 13735K, committed 13824K, reserved 1048576K
GC Heap History (10 events):
Event: 1035.162 GC heap before
{Heap before GC invocations=35 (full 4):
 PSYoungGen      total 480256K, used 450288K [0x00000000e0000000, 0x00000000ffe00000, 0x0000000100000000)
  eden space 441344K, 100% used [0x00000000e0000000,0x00000000faf00000,0x00000000faf00000)
  from space 38912K, 22% used [0x00000000fd800000,0x00000000fe0bc198,0x00000000ffe00000)
  to   space 40448K, 0% used [0x00000000faf00000,0x00000000faf00000,0x00000000fd680000)
 ParOldGen       total 271872K, used 138760K [0x00000000a0000000, 0x00000000b0980000, 0x00000000e0000000)
  object space 271872K, 51% used [0x00000000a0000000,0x00000000a87820d8,0x00000000b0980000)
 Metaspace       used 102207K, capacity 106902K, committed 107264K, reserved 1142784K
  class space    used 12819K, capacity 13713K, committed 13824K, reserved 1048576K
Event: 1035.197 GC heap after
Heap after GC invocations=35 (full 4):
 PSYoungGen      total 481792K, used 15992K [0x00000000e0000000, 0x00000000ffe80000, 0x0000000100000000)
  eden space 441344K, 0% used [0x00000000e0000000,0x00000000e0000000,0x00000000faf00000)
  from space 40448K, 39% used [0x00000000faf00000,0x00000000fbe9e3c8,0x00000000fd680000)
  to   space 38912K, 0% used [0x00000000fd880000,0x00000000fd880000,0x00000000ffe80000)
 ParOldGen       total 271872K, used 144976K [0x00000000a0000000, 0x00000000b0980000, 0x00000000e0000000)
  object space 271872K, 53% used [0x00000000a0000000,0x00000000a8d94110,0x00000000b0980000)
 Metaspace       used 102207K, capacity 106902K, committed 107264K, reserved 1142784K
  class space    used 12819K, capacity 13713K, committed 13824K, reserved 1048576K
}
Event: 1036.699 GC heap before
{Heap before GC invocations=36 (full 4):
 PSYoungGen      total 481792K, used 457336K [0x00000000e0000000, 0x00000000ffe80000, 0x0000000100000000)
  eden space 441344K, 100% used [0x00000000e0000000,0x00000000faf00000,0x00000000faf00000)
  from space 40448K, 39% used [0x00000000faf00000,0x00000000fbe9e3c8,0x00000000fd680000)
  to   space 38912K, 0% used [0x00000000fd880000,0x00000000fd880000,0x00000000ffe80000)
 ParOldGen       total 271872K, used 144976K [0x00000000a0000000, 0x00000000b0980000, 0x00000000e0000000)
  object space 271872K, 53% used [0x00000000a0000000,0x00000000a8d94110,0x00000000b0980000)
 Metaspace       used 102214K, capacity 106902K, committed 107264K, reserved 1142784K
  class space    used 12819K, capacity 13713K, committed 13824K, reserved 1048576K
Event: 1036.732 GC heap after
Heap after GC invocations=36 (full 4):
 PSYoungGen      total 482816K, used 7785K [0x00000000e0000000, 0x00000000ffd80000, 0x0000000100000000)
  eden space 444928K, 0% used [0x00000000e0000000,0x00000000e0000000,0x00000000fb280000)
  from space 37888K, 20% used [0x00000000fd880000,0x00000000fe01a5b0,0x00000000ffd80000)
  to   space 38400K, 0% used [0x00000000fb280000,0x00000000fb280000,0x00000000fd800000)
 ParOldGen       total 271872K, used 159399K [0x00000000a0000000, 0x00000000b0980000, 0x00000000e0000000)
  object space 271872K, 58% used [0x00000000a0000000,0x00000000a9ba9dc8,0x00000000b0980000)
 Metaspace       used 102214K, capacity 106902K, committed 107264K, reserved 1142784K
  class space    used 12819K, capacity 13713K, committed 13824K, reserved 1048576K
}
Event: 1038.387 GC heap before
{Heap before GC invocations=37 (full 4):
 PSYoungGen      total 482816K, used 452713K [0x00000000e0000000, 0x00000000ffd80000, 0x0000000100000000)
  eden space 444928K, 100% used [0x00000000e0000000,0x00000000fb280000,0x00000000fb280000)
  from space 37888K, 20% used [0x00000000fd880000,0x00000000fe01a5b0,0x00000000ffd80000)
  to   space 38400K, 0% used [0x00000000fb280000,0x00000000fb280000,0x00000000fd800000)
 ParOldGen       total 271872K, used 159399K [0x00000000a0000000, 0x00000000b0980000, 0x00000000e0000000)
  object space 271872K, 58% used [0x00000000a0000000,0x00000000a9ba9dc8,0x00000000b0980000)
 Metaspace       used 102227K, capacity 106966K, committed 107264K, reserved 1142784K
  class space    used 12819K, capacity 13713K, committed 13824K, reserved 1048576K
Event: 1038.434 GC heap after
Heap after GC invocations=37 (full 4):
 PSYoungGen      total 483328K, used 9417K [0x00000000e0000000, 0x00000000ffe80000, 0x0000000100000000)
  eden space 444928K, 0% used [0x00000000e0000000,0x00000000e0000000,0x00000000fb280000)
  from space 38400K, 24% used [0x00000000fb280000,0x00000000fbbb2600,0x00000000fd800000)
  to   space 37376K, 0% used [0x00000000fda00000,0x00000000fda00000,0x00000000ffe80000)
 ParOldGen       total 271872K, used 165657K [0x00000000a0000000, 0x00000000b0980000, 0x00000000e0000000)
  object space 271872K, 60% used [0x00000000a0000000,0x00000000aa1c67e0,0x00000000b0980000)
 Metaspace       used 102227K, capacity 106966K, committed 107264K, reserved 1142784K
  class space    used 12819K, capacity 13713K, committed 13824K, reserved 1048576K
}
Event: 1040.369 GC heap before
{Heap before GC invocations=38 (full 4):
 PSYoungGen      total 483328K, used 454345K [0x00000000e0000000, 0x00000000ffe80000, 0x0000000100000000)
  eden space 444928K, 100% used [0x00000000e0000000,0x00000000fb280000,0x00000000fb280000)
  from space 38400K, 24% used [0x00000000fb280000,0x00000000fbbb2600,0x00000000fd800000)
  to   space 37376K, 0% used [0x00000000fda00000,0x00000000fda00000,0x00000000ffe80000)
 ParOldGen       total 271872K, used 165657K [0x00000000a0000000, 0x00000000b0980000, 0x00000000e0000000)
  object space 271872K, 60% used [0x00000000a0000000,0x00000000aa1c67e0,0x00000000b0980000)
 Metaspace       used 102240K, capacity 106966K, committed 107264K, reserved 1142784K
  class space    used 12819K, capacity 13713K, committed 13824K, reserved 1048576K
Event: 1040.402 GC heap after
Heap after GC invocations=38 (full 4):
 PSYoungGen      total 485376K, used 9520K [0x00000000e0000000, 0x00000000ffe00000, 0x0000000100000000)
  eden space 448512K, 0% used [0x00000000e0000000,0x00000000e0000000,0x00000000fb600000)
  from space 36864K, 25% used [0x00000000fda00000,0x00000000fe34c030,0x00000000ffe00000)
  to   space 36864K, 0% used [0x00000000fb600000,0x00000000fb600000,0x00000000fda00000)
 ParOldGen       total 271872K, used 174235K [0x00000000a0000000, 0x00000000b0980000, 0x00000000e0000000)
  object space 271872K, 64% used [0x00000000a0000000,0x00000000aaa26e10,0x00000000b0980000)
 Metaspace       used 102240K, capacity 106966K, committed 107264K, reserved 1142784K
  class space    used 12819K, capacity 13713K, committed 13824K, reserved 1048576K
}
Event: 1043.416 GC heap before
{Heap before GC invocations=39 (full 4):
 PSYoungGen      total 485376K, used 458032K [0x00000000e0000000, 0x00000000ffe00000, 0x0000000100000000)
  eden space 448512K, 100% used [0x00000000e0000000,0x00000000fb600000,0x00000000fb600000)
  from space 36864K, 25% used [0x00000000fda00000,0x00000000fe34c030,0x00000000ffe00000)
  to   space 36864K, 0% used [0x00000000fb600000,0x00000000fb600000,0x00000000fda00000)
 ParOldGen       total 271872K, used 174235K [0x00000000a0000000, 0x00000000b0980000, 0x00000000e0000000)
  object space 271872K, 64% used [0x00000000a0000000,0x00000000aaa26e10,0x00000000b0980000)
 Metaspace       used 102467K, capacity 107198K, committed 107520K, reserved 1142784K
  class space    used 12852K, capacity 13735K, committed 13824K, reserved 1048576K
Event: 1043.456 GC heap after
Heap after GC invocations=39 (full 4):
 PSYoungGen      total 485376K, used 13616K [0x00000000e0000000, 0x00000000ffc00000, 0x0000000100000000)
  eden space 448512K, 0% used [0x00000000e0000000,0x00000000e0000000,0x00000000fb600000)
  from space 36864K, 36% used [0x00000000fb600000,0x00000000fc34c0d0,0x00000000fda00000)
  to   space 34816K, 0% used [0x00000000fda00000,0x00000000fda00000,0x00000000ffc00000)
 ParOldGen       total 271872K, used 182944K [0x00000000a0000000, 0x00000000b0980000, 0x00000000e0000000)
  object space 271872K, 67% used [0x00000000a0000000,0x00000000ab2a8178,0x00000000b0980000)
 Metaspace       used 102467K, capacity 107198K, committed 107520K, reserved 1142784K
  class space    used 12852K, capacity 13735K, committed 13824K, reserved 1048576K
}

